#
# A fatal error has been detected by the Java Runtime Environment:
#
#  SIGSEGV (0xb) at pc=0x000000010a74f206, pid=14348, tid=1811
#
# JRE version: Java(TM) SE Runtime Environment (8.0_05-b13) (build 1.8.0_05-b13)
# Java VM: Java HotSpot(TM) 64-Bit Server VM (25.5-b02 mixed mode bsd-amd64 compressed oops)
# Problematic frame:
# V  [libjvm.dylib+0x2ea206]
#
# Failed to write core dump. Core dumps have been disabled. To enable core dumping, try "ulimit -c unlimited" before starting Java again
#
# If you would like to submit a bug report, please visit:
#   http://bugreport.sun.com/bugreport/crash.jsp
#

---------------  T H R E A D  ---------------

Current thread (0x00007fb0b1557800):  JavaThread "AppKit Thread" daemon [_thread_in_vm, id=1811, stack(0x00007fff55099000,0x00007fff55899000)]

siginfo:si_signo=SIGSEGV: si_errno=0, si_code=1 (SEGV_MAPERR), si_addr=0x0000000000000000

Registers:
RAX=0x000000010acc2344, RBX=0x0000000000000000, RCX=0x000000010ac14780, RDX=0x000000010ac21040
RSP=0x00007fff55893a20, RBP=0x00007fff55893a70, RSI=0x0000000000000000, RDI=0x00007fb0b15579e0
R8 =0x0000000000000014, R9 =0x00007fb0b053ed50, R10=0x0000000000000007, R11=0x00007fff8e301aba
R12=0x0000000000000016, R13=0x00007fb0b15579e0, R14=0x00007fb0b15579e0, R15=0x00007fb0b1557800
RIP=0x000000010a74f206, EFLAGS=0x0000000000010202, ERR=0x0000000000000004
  TRAPNO=0x000000000000000e

Top of Stack: (sp=0x00007fff55893a20)
0x00007fff55893a20:   0000000000000000 00007fb0b1557800
0x00007fff55893a30:   0000000000000000 0000000000000000
0x00007fff55893a40:   4071400000000000 00007fb0b1557800
0x00007fff55893a50:   00007fb0b1557800 00007fb0b068a700
0x00007fff55893a60:   00007fb0b068a700 00007fb0b382e480
0x00007fff55893a70:   00007fff55893af0 0000000126a2ca71
0x00007fff55893a80:   410fbfaf44189171 0000000000000000
0x00007fff55893a90:   408ab00000000000 0000000000000000
0x00007fff55893aa0:   0000000000000000 0000000000000004
0x00007fff55893ab0:   0000000000000004 0000000000000000
0x00007fff55893ac0:   4071400000000000 00007fb0b068a700
0x00007fff55893ad0:   0000000000000016 00007fff831330c0
0x00007fff55893ae0:   00007fb0b382e480 fffffffbffffffff
0x00007fff55893af0:   00007fff55893ce0 00007fff8e8959b6
0x00007fff55893b00:   0000000000000000 00007fff722a88c8
0x00007fff55893b10:   0000000000000000 00007fff8eb51d87
0x00007fff55893b20:   00007fff55893bc0 00007fff8851d513
0x00007fff55893b30:   00007fff55893ba4 000000000039e601
0x00007fff55893b40:   00000000ffffffff 00007fff722a88c8
0x00007fff55893b50:   000000000039e600 00007fff00000000
0x00007fff55893b60:   00007fff722a88e0 00007fff722a88e4
0x00007fff55893b70:   00007fff722a88e8 00007fff00000000
0x00007fff55893b80:   0000000000000100 00007fb0b068a700
0x00007fff55893b90:   00007fb0b382ec50 00007fff73d7a590
0x00007fff55893ba0:   00007fff8e894867 00007fff73e469d0
0x00007fff55893bb0:   0000000000000000 00007fff8eb51d87
0x00007fff55893bc0:   00007fff55893c10 00007fff8314992f
0x00007fff55893bd0:   00007fb0b382ec50 0000000126a5fd08
0x00007fff55893be0:   000000008e31dfb0 00007fb0b382ec50
0x00007fff55893bf0:   0000000000000000 00007fff831330c0
0x00007fff55893c00:   00007fb0b068a700 00000000000000f8
0x00007fff55893c10:   00007fff55893ce0 00007fff831331ac 

Instructions: (pc=0x000000010a74f206)
0x000000010a74f1e6:   74 09 48 8d 7d b8 e8 43 6d 18 00 4c 89 f7 48 89
0x000000010a74f1f6:   de 90 0f 1f 40 00 48 8d 05 41 31 57 00 80 38 00
0x000000010a74f206:   48 8b 03 74 15 48 8d 15 7e f2 4d 00 8a 4a 08 8b
0x000000010a74f216:   40 08 48 d3 e0 48 03 02 eb 04 48 8b 40 08 48 8b 

Register to memory mapping:

RAX=0x000000010acc2344: UseCompressedClassPointers+0 in /Library/Java/JavaVirtualMachines/jdk1.8.0_05.jdk/Contents/Home/jre/lib/server/libjvm.dylib at 0x000000010a465000
RBX=0x0000000000000000 is an unknown value
RCX=0x000000010ac14780: UseMembar+0 in /Library/Java/JavaVirtualMachines/jdk1.8.0_05.jdk/Contents/Home/jre/lib/server/libjvm.dylib at 0x000000010a465000
RDX=0x000000010ac21040: jni_NativeInterface+0 in /Library/Java/JavaVirtualMachines/jdk1.8.0_05.jdk/Contents/Home/jre/lib/server/libjvm.dylib at 0x000000010a465000
RSP=0x00007fff55893a20 is pointing into the stack for thread: 0x00007fb0b1557800
RBP=0x00007fff55893a70 is pointing into the stack for thread: 0x00007fb0b1557800
RSI=0x0000000000000000 is an unknown value
RDI=0x00007fb0b15579e0 is an unknown value
R8 =0x0000000000000014 is an unknown value
R9 =0x00007fb0b053ed50 is an unknown value
R10=0x0000000000000007 is an unknown value
R11=0x00007fff8e301aba: -[NSEvent timestamp]+0 in /System/Library/Frameworks/AppKit.framework/Versions/C/AppKit at 0x00007fff8e145000
R12=0x0000000000000016 is an unknown value
R13=0x00007fb0b15579e0 is an unknown value
R14=0x00007fb0b15579e0 is an unknown value
R15=0x00007fb0b1557800 is a thread


Stack: [0x00007fff55099000,0x00007fff55899000],  sp=0x00007fff55893a20,  free space=8170k
Native frames: (J=compiled Java code, j=interpreted, Vv=VM code, C=native code)
V  [libjvm.dylib+0x2ea206]
C  [liblwjgl.jnilib+0xaa71]  -[MacOSXOpenGLView scrollWheel:]+0x81
C  [AppKit+0x7509b6]  -[NSWindow _reallySendEvent:]+0x114f
C  [AppKit+0x1d916e]  -[NSWindow sendEvent:]+0x1be
C  [AppKit+0x18abd3]  -[NSApplication sendEvent:]+0x7d9
C  [libosxapp.dylib+0x23ac]  -[NSApplicationAWT sendEvent:]+0x109
C  [AppKit+0x17608]  -[NSApplication run]+0x2c7
C  [libosxapp.dylib+0x223e]  +[NSApplicationAWT runAWTLoopWithApp:]+0x9c
C  [libawt_lwawt.dylib+0x439cf]  -[AWTStarter starter:]+0x389
C  [Foundation+0x65cdc]  __NSThreadPerformPerform+0x125
C  [CoreFoundation+0x80681]  __CFRUNLOOP_IS_CALLING_OUT_TO_A_SOURCE0_PERFORM_FUNCTION__+0x11
C  [CoreFoundation+0x7280d]  __CFRunLoopDoSources0+0x10d
C  [CoreFoundation+0x71e3f]  __CFRunLoopRun+0x39f
C  [CoreFoundation+0x71858]  CFRunLoopRunSpecific+0x128
C  [java+0x56cb]  CreateExecutionEnvironment+0x367
C  [java+0x166c]  JLI_Launch+0x7a0
C  [java+0x7689]  main+0x65
C  [java+0xec4]  start+0x34


---------------  P R O C E S S  ---------------

Java Threads: ( => current thread )
  0x00007fb0b1e86800 JavaThread "Timer hack thread" daemon [_thread_blocked, id=49211, stack(0x0000000126fb1000,0x00000001270b1000)]
  0x00007fb0b25c3000 JavaThread "Snooper Timer" daemon [_thread_blocked, id=48903, stack(0x0000000126bb9000,0x0000000126cb9000)]
  0x00007fb0b1bca800 JavaThread "AWT-Shutdown" [_thread_blocked, id=30215, stack(0x0000000123ddf000,0x0000000123edf000)]
=>0x00007fb0b1557800 JavaThread "AppKit Thread" daemon [_thread_in_vm, id=1811, stack(0x00007fff55099000,0x00007fff55899000)]
  0x00007fb0b104e800 JavaThread "Service Thread" daemon [_thread_blocked, id=19459, stack(0x00000001212b5000,0x00000001213b5000)]
  0x00007fb0b08b1800 JavaThread "C1 CompilerThread1" daemon [_thread_blocked, id=18947, stack(0x00000001211b2000,0x00000001212b2000)]
  0x00007fb0b08c4000 JavaThread "C2 CompilerThread0" daemon [_thread_in_native, id=18435, stack(0x00000001210af000,0x00000001211af000)]
  0x00007fb0b1044000 JavaThread "JDWP Command Reader" daemon [_thread_in_native, id=17923, stack(0x0000000120fac000,0x00000001210ac000)]
  0x00007fb0b1043800 JavaThread "JDWP Event Helper Thread" daemon [_thread_blocked, id=17411, stack(0x0000000120ea9000,0x0000000120fa9000)]
  0x00007fb0b1042800 JavaThread "JDWP Transport Listener: dt_socket" daemon [_thread_blocked, id=16899, stack(0x0000000120da6000,0x0000000120ea6000)]
  0x00007fb0b1040800 JavaThread "Signal Dispatcher" daemon [_thread_blocked, id=16387, stack(0x0000000120c9c000,0x0000000120d9c000)]
  0x00007fb0b08b0800 JavaThread "Surrogate Locker Thread (Concurrent GC)" daemon [_thread_blocked, id=14099, stack(0x0000000120b99000,0x0000000120c99000)]
  0x00007fb0b08ae800 JavaThread "Finalizer" daemon [_thread_blocked, id=11523, stack(0x000000011f26b000,0x000000011f36b000)]
  0x00007fb0b08a8000 JavaThread "Reference Handler" daemon [_thread_blocked, id=11011, stack(0x000000011f168000,0x000000011f268000)]
  0x00007fb0b0810000 JavaThread "Client thread" [_thread_in_Java, id=5379, stack(0x000000010b801000,0x000000010b901000)]

Other Threads:
  0x00007fb0b08a3800 VMThread [stack: 0x000000011f065000,0x000000011f165000] [id=10499]
  0x00007fb0b08c3000 WatcherThread [stack: 0x00000001213b8000,0x00000001214b8000] [id=19971]

VM state:not at safepoint (normal execution)

VM Mutex/Monitor currently owned by a thread: None

Heap:
 par new generation   total 153344K, used 94609K [0x0000000780000000, 0x000000078a660000, 0x000000078a660000)
  eden space 136320K,  56% used [0x0000000780000000, 0x0000000784bc46d0, 0x0000000788520000)
  from space 17024K,  99% used [0x0000000788520000, 0x00000007895bfff0, 0x00000007895c0000)
  to   space 17024K,   0% used [0x00000007895c0000, 0x00000007895c0000, 0x000000078a660000)
 concurrent mark-sweep generation total 878208K, used 11128K [0x000000078a660000, 0x00000007c0000000, 0x00000007c0000000)
 Metaspace       used 20608K, capacity 20798K, committed 21248K, reserved 1067008K
  class space    used 2681K, capacity 2753K, committed 2816K, reserved 1048576K

Card table byte_map: [0x000000011aec9000,0x000000011b0ca000] byte_map_base: 0x00000001172c9000

Marking Bits: (CMSBitMap*) 0x00007fb0b083e6c8
 Bits: [0x000000011b477000, 0x000000011c1dd800)

Mod Union Table: (CMSBitMap*) 0x00007fb0b083e788
 Bits: [0x000000011c1de000, 0x000000011c2139a0)

Polling page: 0x000000010b37e000

CodeCache: size=245760Kb used=7648Kb max_used=7648Kb free=238111Kb
 bounds [0x000000010b903000, 0x000000010c083000, 0x000000011a903000]
 total_blobs=2589 nmethods=2152 adapters=360
 compilation: enabled

Compilation events (10 events):
Event: 10.459 Thread 0x00007fb0b08c4000 nmethod 1867 0x000000010c036c90 code [0x000000010c036de0, 0x000000010c037158]
Event: 10.459 Thread 0x00007fb0b08c4000 2168       4       java.util.HashMap$KeyIterator::next (8 bytes)
Event: 10.463 Thread 0x00007fb0b08c4000 nmethod 2168 0x000000010c07cf10 code [0x000000010c07d060, 0x000000010c07d298]
Event: 10.463 Thread 0x00007fb0b08c4000 1807   !   4       java.io.FilePermission$1::run (116 bytes)
Event: 10.512 Thread 0x00007fb0b08b1800 2170   !   3       java.lang.Class::getSimpleBinaryName (38 bytes)
Event: 10.513 Thread 0x00007fb0b08b1800 nmethod 2170 0x000000010c035350 code [0x000000010c035520, 0x000000010c035d08]
Event: 10.538 Thread 0x00007fb0b08b1800 2171       2       java.util.zip.ZipCoder::getBytes (192 bytes)
Event: 10.540 Thread 0x00007fb0b08b1800 nmethod 2171 0x000000010c07d410 code [0x000000010c07d6c0, 0x000000010c07e498]
Event: 10.540 Thread 0x00007fb0b08b1800 2172       2       java.util.zip.ZipCoder::encoder (35 bytes)
Event: 10.541 Thread 0x00007fb0b08b1800 nmethod 2172 0x000000010c034ed0 code [0x000000010c035040, 0x000000010c035248]

GC Heap History (6 events):
Event: 1.612 GC heap before
{Heap before GC invocations=0 (full 0):
 par new generation   total 153344K, used 49118K [0x0000000780000000, 0x000000078a660000, 0x000000078a660000)
  eden space 136320K,  36% used [0x0000000780000000, 0x0000000782ff7bb8, 0x0000000788520000)
  from space 17024K,   0% used [0x0000000788520000, 0x0000000788520000, 0x00000007895c0000)
  to   space 17024K,   0% used [0x00000007895c0000, 0x00000007895c0000, 0x000000078a660000)
 concurrent mark-sweep generation total 878208K, used 0K [0x000000078a660000, 0x00000007c0000000, 0x00000007c0000000)
 Metaspace       used 10010K, capacity 10090K, committed 10240K, reserved 1058816K
  class space    used 1188K, capacity 1203K, committed 1280K, reserved 1048576K
Event: 1.669 GC heap after
Heap after GC invocations=1 (full 1):
 par new generation   total 153344K, used 0K [0x0000000780000000, 0x000000078a660000, 0x000000078a660000)
  eden space 136320K,   0% used [0x0000000780000000, 0x0000000780000000, 0x0000000788520000)
  from space 17024K,   0% used [0x0000000788520000, 0x0000000788520000, 0x00000007895c0000)
  to   space 17024K,   0% used [0x00000007895c0000, 0x00000007895c0000, 0x000000078a660000)
 concurrent mark-sweep generation total 878208K, used 5269K [0x000000078a660000, 0x00000007c0000000, 0x00000007c0000000)
 Metaspace       used 10010K, capacity 10090K, committed 10240K, reserved 1058816K
  class space    used 1188K, capacity 1203K, committed 1280K, reserved 1048576K
}
Event: 6.226 GC heap before
{Heap before GC invocations=1 (full 2):
 par new generation   total 153344K, used 136320K [0x0000000780000000, 0x000000078a660000, 0x000000078a660000)
  eden space 136320K, 100% used [0x0000000780000000, 0x0000000788520000, 0x0000000788520000)
  from space 17024K,   0% used [0x0000000788520000, 0x0000000788520000, 0x00000007895c0000)
  to   space 17024K,   0% used [0x00000007895c0000, 0x00000007895c0000, 0x000000078a660000)
 concurrent mark-sweep generation total 878208K, used 5269K [0x000000078a660000, 0x00000007c0000000, 0x00000007c0000000)
 Metaspace       used 13063K, capacity 13192K, committed 13440K, reserved 1060864K
  class space    used 1544K, capacity 1596K, committed 1664K, reserved 1048576K
Event: 6.270 GC heap after
Heap after GC invocations=2 (full 2):
 par new generation   total 153344K, used 9006K [0x0000000780000000, 0x000000078a660000, 0x000000078a660000)
  eden space 136320K,   0% used [0x0000000780000000, 0x0000000780000000, 0x0000000788520000)
  from space 17024K,  52% used [0x00000007895c0000, 0x0000000789e8bb40, 0x000000078a660000)
  to   space 17024K,   0% used [0x0000000788520000, 0x0000000788520000, 0x00000007895c0000)
 concurrent mark-sweep generation total 878208K, used 5269K [0x000000078a660000, 0x00000007c0000000, 0x00000007c0000000)
 Metaspace       used 13063K, capacity 13192K, committed 13440K, reserved 1060864K
  class space    used 1544K, capacity 1596K, committed 1664K, reserved 1048576K
}
Event: 8.951 GC heap before
{Heap before GC invocations=2 (full 2):
 par new generation   total 153344K, used 145326K [0x0000000780000000, 0x000000078a660000, 0x000000078a660000)
  eden space 136320K, 100% used [0x0000000780000000, 0x0000000788520000, 0x0000000788520000)
  from space 17024K,  52% used [0x00000007895c0000, 0x0000000789e8bb40, 0x000000078a660000)
  to   space 17024K,   0% used [0x0000000788520000, 0x0000000788520000, 0x00000007895c0000)
 concurrent mark-sweep generation total 878208K, used 5269K [0x000000078a660000, 0x00000007c0000000, 0x00000007c0000000)
 Metaspace       used 18346K, capacity 18552K, committed 18816K, reserved 1064960K
  class space    used 2321K, capacity 2368K, committed 2432K, reserved 1048576K
Event: 9.088 GC heap after
Heap after GC invocations=3 (full 2):
 par new generation   total 153344K, used 17023K [0x0000000780000000, 0x000000078a660000, 0x000000078a660000)
  eden space 136320K,   0% used [0x0000000780000000, 0x0000000780000000, 0x0000000788520000)
  from space 17024K,  99% used [0x0000000788520000, 0x00000007895bfff0, 0x00000007895c0000)
  to   space 17024K,   0% used [0x00000007895c0000, 0x00000007895c0000, 0x000000078a660000)
 concurrent mark-sweep generation total 878208K, used 13968K [0x000000078a660000, 0x00000007c0000000, 0x00000007c0000000)
 Metaspace       used 18346K, capacity 18552K, committed 18816K, reserved 1064960K
  class space    used 2321K, capacity 2368K, committed 2432K, reserved 1048576K
}

Deoptimization events (10 events):
Event: 1.739 Thread 0x00007fb0b0810000 Uncommon trap: reason=class_check action=maybe_recompile pc=0x000000010baef844 method=sun.misc.URLClassPath.getLoader(I)Lsun/misc/URLClassPath$Loader; @ 94
Event: 2.127 Thread 0x00007fb0b0810000 Uncommon trap: reason=class_check action=maybe_recompile pc=0x000000010baef844 method=sun.misc.URLClassPath.getLoader(I)Lsun/misc/URLClassPath$Loader; @ 94
Event: 4.862 Thread 0x00007fb0b0810000 Uncommon trap: reason=class_check action=maybe_recompile pc=0x000000010bd0a638 method=com.google.common.base.Splitter$1$1.separatorStart(I)I @ 12
Event: 4.862 Thread 0x00007fb0b0810000 Uncommon trap: reason=predicate action=maybe_recompile pc=0x000000010bd13c70 method=com.google.common.base.CharMatcher.indexIn(Ljava/lang/CharSequence;I)I @ 22
Event: 4.862 Thread 0x00007fb0b0810000 Uncommon trap: reason=class_check action=maybe_recompile pc=0x000000010bd0a638 method=com.google.common.base.Splitter$1$1.separatorStart(I)I @ 12
Event: 4.862 Thread 0x00007fb0b0810000 Uncommon trap: reason=class_check action=maybe_recompile pc=0x000000010bd0a638 method=com.google.common.base.Splitter$1$1.separatorStart(I)I @ 12
Event: 4.867 Thread 0x00007fb0b0810000 Uncommon trap: reason=class_check action=maybe_recompile pc=0x000000010bd0991c method=com.google.common.base.Splitter$1$1.separatorStart(I)I @ 12
Event: 5.751 Thread 0x00007fb0b0810000 Uncommon trap: reason=range_check action=make_not_entrant pc=0x000000010bb3d034 method=sun.reflect.generics.parser.SignatureParser.current()C @ 34
Event: 10.381 Thread 0x00007fb0b0810000 Uncommon trap: reason=unloaded action=reinterpret pc=0x000000010c048c20 method=org.objectweb.asm.ClassReader.readConst(I[C)Ljava/lang/Object; @ 97
Event: 10.382 Thread 0x00007fb0b0810000 Uncommon trap: reason=unloaded action=reinterpret pc=0x000000010bf21cb0 method=org.objectweb.asm.ClassReader.readConst(I[C)Ljava/lang/Object; @ 97

Internal exceptions (10 events):
Event: 10.498 Thread 0x00007fb0b0810000 Exception <a 'java/security/PrivilegedActionException'> (0x00000007849537a0) thrown at [/HUDSON/workspace/8-2-build-macosx-x86_64/jdk8u5/2488/hotspot/src/share/vm/prims/jvm.cpp, line 1248]
Event: 10.510 Thread 0x00007fb0b0810000 Exception <a 'java/security/PrivilegedActionException'> (0x0000000784960958) thrown at [/HUDSON/workspace/8-2-build-macosx-x86_64/jdk8u5/2488/hotspot/src/share/vm/prims/jvm.cpp, line 1248]
Event: 10.513 Thread 0x00007fb0b0810000 Exception <a 'java/security/PrivilegedActionException'> (0x00000007849759c8) thrown at [/HUDSON/workspace/8-2-build-macosx-x86_64/jdk8u5/2488/hotspot/src/share/vm/prims/jvm.cpp, line 1248]
Event: 10.516 Thread 0x00007fb0b0810000 Exception <a 'java/security/PrivilegedActionException'> (0x000000078497e050) thrown at [/HUDSON/workspace/8-2-build-macosx-x86_64/jdk8u5/2488/hotspot/src/share/vm/prims/jvm.cpp, line 1248]
Event: 10.518 Thread 0x00007fb0b0810000 Exception <a 'java/security/PrivilegedActionException'> (0x0000000784988ba8) thrown at [/HUDSON/workspace/8-2-build-macosx-x86_64/jdk8u5/2488/hotspot/src/share/vm/prims/jvm.cpp, line 1248]
Event: 10.527 Thread 0x00007fb0b0810000 Exception <a 'java/security/PrivilegedActionException'> (0x000000078499d698) thrown at [/HUDSON/workspace/8-2-build-macosx-x86_64/jdk8u5/2488/hotspot/src/share/vm/prims/jvm.cpp, line 1248]
Event: 10.535 Thread 0x00007fb0b0810000 Exception <a 'java/security/PrivilegedActionException'> (0x00000007849aecf0) thrown at [/HUDSON/workspace/8-2-build-macosx-x86_64/jdk8u5/2488/hotspot/src/share/vm/prims/jvm.cpp, line 1248]
Event: 10.537 Thread 0x00007fb0b0810000 Exception <a 'java/security/PrivilegedActionException'> (0x00000007849b76d0) thrown at [/HUDSON/workspace/8-2-build-macosx-x86_64/jdk8u5/2488/hotspot/src/share/vm/prims/jvm.cpp, line 1248]
Event: 10.542 Thread 0x00007fb0b0810000 Exception <a 'java/security/PrivilegedActionException'> (0x00000007849c2e50) thrown at [/HUDSON/workspace/8-2-build-macosx-x86_64/jdk8u5/2488/hotspot/src/share/vm/prims/jvm.cpp, line 1248]
Event: 10.548 Thread 0x00007fb0b0810000 Exception <a 'java/security/PrivilegedActionException'> (0x00000007849cd040) thrown at [/HUDSON/workspace/8-2-build-macosx-x86_64/jdk8u5/2488/hotspot/src/share/vm/prims/jvm.cpp, line 1248]

Events (10 events):
Event: 10.548 Thread 0x00007fb0b0810000 DEOPT PACKING pc=0x000000010bb21cc9 sp=0x000000010b8fdad0
Event: 10.548 Thread 0x00007fb0b0810000 DEOPT UNPACKING pc=0x000000010b94a01a sp=0x000000010b8fd860 mode 1
Event: 10.548 Thread 0x00007fb0b0810000 DEOPT PACKING pc=0x000000010bb22494 sp=0x000000010b8fdb70
Event: 10.548 Thread 0x00007fb0b0810000 DEOPT UNPACKING pc=0x000000010b94a01a sp=0x000000010b8fd8c0 mode 1
Event: 10.548 Thread 0x00007fb0b0810000 DEOPT PACKING pc=0x000000010bae9c64 sp=0x000000010b8fe670
Event: 10.548 Thread 0x00007fb0b0810000 DEOPT UNPACKING pc=0x000000010b94a01a sp=0x000000010b8fe3d8 mode 1
Event: 10.548 Thread 0x00007fb0b0810000 DEOPT PACKING pc=0x000000010babf904 sp=0x000000010b8fe6e0
Event: 10.548 Thread 0x00007fb0b0810000 DEOPT UNPACKING pc=0x000000010b94a01a sp=0x000000010b8fe520 mode 1
Event: 10.548 Thread 0x00007fb0b0810000 DEOPT PACKING pc=0x000000010babf694 sp=0x000000010b8fe870
Event: 10.548 Thread 0x00007fb0b0810000 DEOPT UNPACKING pc=0x000000010b94a01a sp=0x000000010b8fe6b0 mode 1


Dynamic libraries:
0x000000000214b000 	/System/Library/Frameworks/Cocoa.framework/Versions/A/Cocoa
0x000000000214b000 	/System/Library/Frameworks/Security.framework/Versions/A/Security
0x000000000214b000 	/System/Library/Frameworks/ApplicationServices.framework/Versions/A/ApplicationServices
0x000000000214b000 	/usr/lib/libz.1.dylib
0x000000000214b000 	/usr/lib/libSystem.B.dylib
0x000000000214b000 	/usr/lib/libobjc.A.dylib
0x000000000214b000 	/System/Library/Frameworks/CoreFoundation.framework/Versions/A/CoreFoundation
0x000000000214b000 	/System/Library/Frameworks/Foundation.framework/Versions/C/Foundation
0x000000000214b000 	/System/Library/Frameworks/AppKit.framework/Versions/C/AppKit
0x000000000214b000 	/System/Library/Frameworks/CoreData.framework/Versions/A/CoreData
0x000000000214b000 	/System/Library/PrivateFrameworks/RemoteViewServices.framework/Versions/A/RemoteViewServices
0x000000000214b000 	/System/Library/PrivateFrameworks/UIFoundation.framework/Versions/A/UIFoundation
0x000000000214b000 	/System/Library/Frameworks/IOSurface.framework/Versions/A/IOSurface
0x000000000214b000 	/System/Library/Frameworks/AudioToolbox.framework/Versions/A/AudioToolbox
0x000000000214b000 	/System/Library/Frameworks/AudioUnit.framework/Versions/A/AudioUnit
0x000000000214b000 	/System/Library/PrivateFrameworks/DataDetectorsCore.framework/Versions/A/DataDetectorsCore
0x000000000214b000 	/System/Library/PrivateFrameworks/DesktopServicesPriv.framework/Versions/A/DesktopServicesPriv
0x000000000214b000 	/System/Library/Frameworks/Carbon.framework/Versions/A/Frameworks/HIToolbox.framework/Versions/A/HIToolbox
0x000000000214b000 	/System/Library/Frameworks/QuartzCore.framework/Versions/A/QuartzCore
0x000000000214b000 	/System/Library/Frameworks/Carbon.framework/Versions/A/Frameworks/SpeechRecognition.framework/Versions/A/SpeechRecognition
0x000000000214b000 	/usr/lib/libauto.dylib
0x000000000214b000 	/usr/lib/libicucore.A.dylib
0x000000000214b000 	/usr/lib/libxml2.2.dylib
0x000000000214b000 	/System/Library/PrivateFrameworks/CoreUI.framework/Versions/A/CoreUI
0x000000000214b000 	/System/Library/Frameworks/CoreAudio.framework/Versions/A/CoreAudio
0x000000000214b000 	/System/Library/Frameworks/DiskArbitration.framework/Versions/A/DiskArbitration
0x000000000214b000 	/usr/lib/liblangid.dylib
0x000000000214b000 	/System/Library/PrivateFrameworks/MultitouchSupport.framework/Versions/A/MultitouchSupport
0x000000000214b000 	/System/Library/Frameworks/IOKit.framework/Versions/A/IOKit
0x000000000214b000 	/usr/lib/libDiagnosticMessagesClient.dylib
0x000000000214b000 	/System/Library/Frameworks/CoreServices.framework/Versions/A/CoreServices
0x000000000214b000 	/System/Library/PrivateFrameworks/PerformanceAnalysis.framework/Versions/A/PerformanceAnalysis
0x000000000214b000 	/System/Library/PrivateFrameworks/GenerationalStorage.framework/Versions/A/GenerationalStorage
0x000000000214b000 	/System/Library/Frameworks/OpenGL.framework/Versions/A/OpenGL
0x000000000214b000 	/System/Library/PrivateFrameworks/Sharing.framework/Versions/A/Sharing
0x000000000214b000 	/System/Library/Frameworks/CoreGraphics.framework/Versions/A/CoreGraphics
0x000000000214b000 	/System/Library/Frameworks/CoreText.framework/Versions/A/CoreText
0x000000000214b000 	/System/Library/Frameworks/ImageIO.framework/Versions/A/ImageIO
0x000000000214b000 	/usr/lib/libextension.dylib
0x000000000214b000 	/System/Library/PrivateFrameworks/Backup.framework/Versions/A/Backup
0x000000000214b000 	/usr/lib/libarchive.2.dylib
0x000000000214b000 	/System/Library/Frameworks/CFNetwork.framework/Versions/A/CFNetwork
0x000000000214b000 	/System/Library/Frameworks/SystemConfiguration.framework/Versions/A/SystemConfiguration
0x000000000214b000 	/usr/lib/libCRFSuite.dylib
0x000000000214b000 	/usr/lib/libc++.1.dylib
0x000000000214b000 	/usr/lib/libc++abi.dylib
0x000000000214b000 	/usr/lib/system/libcache.dylib
0x000000000214b000 	/usr/lib/system/libcommonCrypto.dylib
0x000000000214b000 	/usr/lib/system/libcompiler_rt.dylib
0x000000000214b000 	/usr/lib/system/libcopyfile.dylib
0x000000000214b000 	/usr/lib/system/libcorecrypto.dylib
0x000000000214b000 	/usr/lib/system/libdispatch.dylib
0x000000000214b000 	/usr/lib/system/libdyld.dylib
0x000000000214b000 	/usr/lib/system/libkeymgr.dylib
0x000000000214b000 	/usr/lib/system/liblaunch.dylib
0x000000000214b000 	/usr/lib/system/libmacho.dylib
0x000000000214b000 	/usr/lib/system/libquarantine.dylib
0x000000000214b000 	/usr/lib/system/libremovefile.dylib
0x000000000214b000 	/usr/lib/system/libsystem_asl.dylib
0x000000000214b000 	/usr/lib/system/libsystem_blocks.dylib
0x000000000214b000 	/usr/lib/system/libsystem_c.dylib
0x000000000214b000 	/usr/lib/system/libsystem_configuration.dylib
0x000000000214b000 	/usr/lib/system/libsystem_coreservices.dylib
0x000000000214b000 	/usr/lib/system/libsystem_coretls.dylib
0x000000000214b000 	/usr/lib/system/libsystem_dnssd.dylib
0x000000000214b000 	/usr/lib/system/libsystem_info.dylib
0x000000000214b000 	/usr/lib/system/libsystem_kernel.dylib
0x000000000214b000 	/usr/lib/system/libsystem_m.dylib
0x000000000214b000 	/usr/lib/system/libsystem_malloc.dylib
0x000000000214b000 	/usr/lib/system/libsystem_network.dylib
0x000000000214b000 	/usr/lib/system/libsystem_networkextension.dylib
0x000000000214b000 	/usr/lib/system/libsystem_notify.dylib
0x000000000214b000 	/usr/lib/system/libsystem_platform.dylib
0x000000000214b000 	/usr/lib/system/libsystem_pthread.dylib
0x000000000214b000 	/usr/lib/system/libsystem_sandbox.dylib
0x000000000214b000 	/usr/lib/system/libsystem_secinit.dylib
0x000000000214b000 	/usr/lib/system/libsystem_stats.dylib
0x000000000214b000 	/usr/lib/system/libsystem_trace.dylib
0x000000000214b000 	/usr/lib/system/libunc.dylib
0x000000000214b000 	/usr/lib/system/libunwind.dylib
0x000000000214b000 	/usr/lib/system/libxpc.dylib
0x000000000214b000 	/usr/lib/libbz2.1.0.dylib
0x000000000214b000 	/usr/lib/liblzma.5.dylib
0x000000000214b000 	/usr/lib/libbsm.0.dylib
0x000000000214b000 	/usr/lib/libsqlite3.dylib
0x000000000214b000 	/usr/lib/system/libkxld.dylib
0x000000000214b000 	/usr/lib/libxar.1.dylib
0x000000000214b000 	/usr/lib/libpam.2.dylib
0x000000000214b000 	/usr/lib/libOpenScriptingUtil.dylib
0x000000000214b000 	/System/Library/Frameworks/CoreServices.framework/Versions/A/Frameworks/FSEvents.framework/Versions/A/FSEvents
0x000000000214b000 	/System/Library/Frameworks/CoreServices.framework/Versions/A/Frameworks/CarbonCore.framework/Versions/A/CarbonCore
0x000000000214b000 	/System/Library/Frameworks/CoreServices.framework/Versions/A/Frameworks/Metadata.framework/Versions/A/Metadata
0x000000000214b000 	/System/Library/Frameworks/CoreServices.framework/Versions/A/Frameworks/OSServices.framework/Versions/A/OSServices
0x000000000214b000 	/System/Library/Frameworks/CoreServices.framework/Versions/A/Frameworks/SearchKit.framework/Versions/A/SearchKit
0x000000000214b000 	/System/Library/Frameworks/CoreServices.framework/Versions/A/Frameworks/AE.framework/Versions/A/AE
0x000000000214b000 	/System/Library/Frameworks/CoreServices.framework/Versions/A/Frameworks/LaunchServices.framework/Versions/A/LaunchServices
0x000000000214b000 	/System/Library/Frameworks/CoreServices.framework/Versions/A/Frameworks/DictionaryServices.framework/Versions/A/DictionaryServices
0x000000000214b000 	/System/Library/Frameworks/NetFS.framework/Versions/A/NetFS
0x000000000214b000 	/System/Library/PrivateFrameworks/NetAuth.framework/Versions/A/NetAuth
0x000000000214b000 	/System/Library/PrivateFrameworks/login.framework/Versions/A/Frameworks/loginsupport.framework/Versions/A/loginsupport
0x000000000214b000 	/System/Library/PrivateFrameworks/TCC.framework/Versions/A/TCC
0x000000000214b000 	/usr/lib/libmecabra.dylib
0x000000000214b000 	/System/Library/Frameworks/ApplicationServices.framework/Versions/A/Frameworks/ATS.framework/Versions/A/ATS
0x000000000214b000 	/System/Library/Frameworks/ApplicationServices.framework/Versions/A/Frameworks/ColorSync.framework/Versions/A/ColorSync
0x000000000214b000 	/System/Library/Frameworks/ApplicationServices.framework/Versions/A/Frameworks/HIServices.framework/Versions/A/HIServices
0x000000000214b000 	/System/Library/Frameworks/ApplicationServices.framework/Versions/A/Frameworks/LangAnalysis.framework/Versions/A/LangAnalysis
0x000000000214b000 	/System/Library/Frameworks/ApplicationServices.framework/Versions/A/Frameworks/PrintCore.framework/Versions/A/PrintCore
0x000000000214b000 	/System/Library/Frameworks/ApplicationServices.framework/Versions/A/Frameworks/QD.framework/Versions/A/QD
0x000000000214b000 	/System/Library/Frameworks/ApplicationServices.framework/Versions/A/Frameworks/SpeechSynthesis.framework/Versions/A/SpeechSynthesis
0x000000000214b000 	/System/Library/Frameworks/Accelerate.framework/Versions/A/Accelerate
0x000000000214b000 	/System/Library/Frameworks/Accelerate.framework/Versions/A/Frameworks/vImage.framework/Versions/A/vImage
0x000000000214b000 	/System/Library/Frameworks/Accelerate.framework/Versions/A/Frameworks/vecLib.framework/Versions/A/vecLib
0x000000000214b000 	/System/Library/Frameworks/Accelerate.framework/Versions/A/Frameworks/vecLib.framework/Versions/A/libvDSP.dylib
0x000000000214b000 	/System/Library/Frameworks/Accelerate.framework/Versions/A/Frameworks/vecLib.framework/Versions/A/libvMisc.dylib
0x000000000214b000 	/System/Library/Frameworks/Accelerate.framework/Versions/A/Frameworks/vecLib.framework/Versions/A/libLAPACK.dylib
0x000000000214b000 	/System/Library/Frameworks/Accelerate.framework/Versions/A/Frameworks/vecLib.framework/Versions/A/libBLAS.dylib
0x000000000214b000 	/System/Library/Frameworks/Accelerate.framework/Versions/A/Frameworks/vecLib.framework/Versions/A/libLinearAlgebra.dylib
0x000000000214b000 	/System/Library/Frameworks/ApplicationServices.framework/Versions/A/Frameworks/ATS.framework/Versions/A/Resources/libFontParser.dylib
0x000000000214b000 	/System/Library/Frameworks/ApplicationServices.framework/Versions/A/Frameworks/ATS.framework/Versions/A/Resources/libFontRegistry.dylib
0x000000000214b000 	/System/Library/PrivateFrameworks/AppleVPA.framework/Versions/A/AppleVPA
0x000000000214b000 	/System/Library/PrivateFrameworks/AppleJPEG.framework/Versions/A/AppleJPEG
0x000000000214b000 	/System/Library/Frameworks/ImageIO.framework/Versions/A/Resources/libJPEG.dylib
0x000000000214b000 	/System/Library/Frameworks/ImageIO.framework/Versions/A/Resources/libTIFF.dylib
0x000000000214b000 	/System/Library/Frameworks/ImageIO.framework/Versions/A/Resources/libPng.dylib
0x000000000214b000 	/System/Library/Frameworks/ImageIO.framework/Versions/A/Resources/libGIF.dylib
0x000000000214b000 	/System/Library/Frameworks/ImageIO.framework/Versions/A/Resources/libJP2.dylib
0x000000000214b000 	/System/Library/Frameworks/ImageIO.framework/Versions/A/Resources/libRadiance.dylib
0x000000000214b000 	/System/Library/Frameworks/CoreVideo.framework/Versions/A/CoreVideo
0x000000000214b000 	/System/Library/Frameworks/OpenGL.framework/Versions/A/Libraries/libGLU.dylib
0x000000000214b000 	/System/Library/Frameworks/OpenGL.framework/Versions/A/Libraries/libGFXShared.dylib
0x000000000214b000 	/System/Library/Frameworks/OpenGL.framework/Versions/A/Libraries/libGL.dylib
0x000000000214b000 	/System/Library/Frameworks/OpenGL.framework/Versions/A/Libraries/libGLImage.dylib
0x000000000214b000 	/System/Library/Frameworks/OpenGL.framework/Versions/A/Libraries/libCVMSPluginSupport.dylib
0x000000000214b000 	/System/Library/Frameworks/OpenGL.framework/Versions/A/Libraries/libCoreVMClient.dylib
0x000000000214b000 	/usr/lib/libcups.2.dylib
0x000000000214b000 	/System/Library/Frameworks/Kerberos.framework/Versions/A/Kerberos
0x000000000214b000 	/System/Library/Frameworks/GSS.framework/Versions/A/GSS
0x000000000214b000 	/usr/lib/libresolv.9.dylib
0x000000000214b000 	/usr/lib/libiconv.2.dylib
0x000000000214b000 	/System/Library/PrivateFrameworks/Heimdal.framework/Versions/A/Heimdal
0x000000000214b000 	/usr/lib/libheimdal-asn1.dylib
0x000000000214b000 	/System/Library/Frameworks/OpenDirectory.framework/Versions/A/OpenDirectory
0x000000000214b000 	/System/Library/PrivateFrameworks/CommonAuth.framework/Versions/A/CommonAuth
0x000000000214b000 	/System/Library/Frameworks/OpenDirectory.framework/Versions/A/Frameworks/CFOpenDirectory.framework/Versions/A/CFOpenDirectory
0x000000000214b000 	/System/Library/Frameworks/SecurityFoundation.framework/Versions/A/SecurityFoundation
0x000000000214b000 	/System/Library/PrivateFrameworks/LanguageModeling.framework/Versions/A/LanguageModeling
0x000000000214b000 	/usr/lib/libcmph.dylib
0x000000000214b000 	/System/Library/Frameworks/ServiceManagement.framework/Versions/A/ServiceManagement
0x000000000214b000 	/usr/lib/libxslt.1.dylib
0x000000000214b000 	/System/Library/Frameworks/Carbon.framework/Versions/A/Frameworks/Ink.framework/Versions/A/Ink
0x000000000214b000 	/System/Library/Frameworks/QuartzCore.framework/Versions/A/Frameworks/CoreImage.framework/Versions/A/CoreImage
0x000000000214b000 	/System/Library/PrivateFrameworks/CrashReporterSupport.framework/Versions/A/CrashReporterSupport
0x000000000214b000 	/System/Library/Frameworks/OpenCL.framework/Versions/A/OpenCL
0x000000000214b000 	/System/Library/PrivateFrameworks/FaceCore.framework/Versions/A/FaceCore
0x000000000214b000 	/System/Library/PrivateFrameworks/Ubiquity.framework/Versions/A/Ubiquity
0x000000000214b000 	/System/Library/PrivateFrameworks/IconServices.framework/Versions/A/IconServices
0x000000000214b000 	/System/Library/PrivateFrameworks/ChunkingLibrary.framework/Versions/A/ChunkingLibrary
0x000000000214b000 	/System/Library/PrivateFrameworks/Apple80211.framework/Versions/A/Apple80211
0x000000000214b000 	/System/Library/Frameworks/CoreWLAN.framework/Versions/A/CoreWLAN
0x000000000214b000 	/System/Library/Frameworks/IOBluetooth.framework/Versions/A/IOBluetooth
0x000000000214b000 	/System/Library/PrivateFrameworks/CoreWiFi.framework/Versions/A/CoreWiFi
0x000000000214b000 	/System/Library/Frameworks/CoreBluetooth.framework/Versions/A/CoreBluetooth
0x000000000214b000 	/System/Library/PrivateFrameworks/DebugSymbols.framework/Versions/A/DebugSymbols
0x000000000214b000 	/System/Library/PrivateFrameworks/CoreSymbolication.framework/Versions/A/CoreSymbolication
0x000000000214b000 	/System/Library/PrivateFrameworks/Symbolication.framework/Versions/A/Symbolication
0x000000000214b000 	/System/Library/PrivateFrameworks/SpeechRecognitionCore.framework/Versions/A/SpeechRecognitionCore
0x000000010a465000 	/Library/Java/JavaVirtualMachines/jdk1.8.0_05.jdk/Contents/Home/jre/lib/server/libjvm.dylib
0x000000000214b000 	/usr/lib/libstdc++.6.dylib
0x000000010b33c000 	/Library/Java/JavaVirtualMachines/jdk1.8.0_05.jdk/Contents/Home/jre/lib/libverify.dylib
0x000000010b34a000 	/Library/Java/JavaVirtualMachines/jdk1.8.0_05.jdk/Contents/Home/jre/lib/libjava.dylib
0x000000010b37f000 	/Library/Java/JavaVirtualMachines/jdk1.8.0_05.jdk/Contents/Home/jre/lib/libjdwp.dylib
0x000000010b3ca000 	/Library/Java/JavaVirtualMachines/jdk1.8.0_05.jdk/Contents/Home/jre/lib/libnpt.dylib
0x000000010b3d7000 	/Library/Java/JavaVirtualMachines/jdk1.8.0_05.jdk/Contents/Home/jre/lib/libzip.dylib
0x000000010b3e1000 	/System/Library/Frameworks/JavaVM.framework/Frameworks/JavaRuntimeSupport.framework/JavaRuntimeSupport
0x000000011f36d000 	/System/Library/Frameworks/JavaVM.framework/Versions/A/Frameworks/JavaNativeFoundation.framework/Versions/A/JavaNativeFoundation
0x000000011f382000 	/System/Library/Frameworks/JavaVM.framework/Versions/A/JavaVM
0x000000000214b000 	/System/Library/Frameworks/Carbon.framework/Versions/A/Carbon
0x000000011f38f000 	/System/Library/PrivateFrameworks/JavaLaunching.framework/Versions/A/JavaLaunching
0x000000000214b000 	/System/Library/Frameworks/Carbon.framework/Versions/A/Frameworks/CommonPanels.framework/Versions/A/CommonPanels
0x000000000214b000 	/System/Library/Frameworks/Carbon.framework/Versions/A/Frameworks/Help.framework/Versions/A/Help
0x000000000214b000 	/System/Library/Frameworks/Carbon.framework/Versions/A/Frameworks/ImageCapture.framework/Versions/A/ImageCapture
0x000000000214b000 	/System/Library/Frameworks/Carbon.framework/Versions/A/Frameworks/OpenScripting.framework/Versions/A/OpenScripting
0x000000000214b000 	/System/Library/Frameworks/Carbon.framework/Versions/A/Frameworks/Print.framework/Versions/A/Print
0x000000000214b000 	/System/Library/Frameworks/Carbon.framework/Versions/A/Frameworks/SecurityHI.framework/Versions/A/SecurityHI
0x0000000120d9e000 	/Library/Java/JavaVirtualMachines/jdk1.8.0_05.jdk/Contents/Home/jre/lib/libdt_socket.dylib
0x0000000121877000 	/Library/Java/JavaVirtualMachines/jdk1.8.0_05.jdk/Contents/Home/jre/lib/libmanagement.dylib
0x0000000121884000 	/Library/Java/JavaVirtualMachines/jdk1.8.0_05.jdk/Contents/Home/jre/lib/libnet.dylib
0x00000001218e2000 	/Library/Java/JavaVirtualMachines/jdk1.8.0_05.jdk/Contents/Home/jre/lib/libnio.dylib
0x00000001222bd000 	/Library/Java/JavaVirtualMachines/jdk1.8.0_05.jdk/Contents/Home/jre/lib/libawt.dylib
0x00000001225e3000 	/Library/Java/JavaVirtualMachines/jdk1.8.0_05.jdk/Contents/Home/jre/lib/./libmlib_image.dylib
0x00000001226af000 	/Library/Java/JavaVirtualMachines/jdk1.8.0_05.jdk/Contents/Home/jre/lib/libawt_lwawt.dylib
0x00000001219ea000 	/Library/Java/JavaVirtualMachines/jdk1.8.0_05.jdk/Contents/Home/jre/lib/./libosxapp.dylib
0x000000000214b000 	/System/Library/Frameworks/ExceptionHandling.framework/Versions/A/ExceptionHandling
0x000000000214b000 	/System/Library/PrivateFrameworks/CoreServicesInternal.framework/Versions/A/CoreServicesInternal
0x000000000214b000 	/System/Library/PrivateFrameworks/CloudDocs.framework/Versions/A/CloudDocs
0x000000000214b000 	/System/Library/PrivateFrameworks/CoreDuet.framework/Versions/A/CoreDuet
0x000000000214b000 	/System/Library/Frameworks/CloudKit.framework/Versions/A/CloudKit
0x000000000214b000 	/System/Library/PrivateFrameworks/ProtocolBuffer.framework/Versions/A/ProtocolBuffer
0x000000000214b000 	/System/Library/PrivateFrameworks/CoreDuetDaemonProtocol.framework/Versions/A/CoreDuetDaemonProtocol
0x000000000214b000 	/System/Library/PrivateFrameworks/CoreDuetDebugLogging.framework/Versions/A/CoreDuetDebugLogging
0x000000000214b000 	/System/Library/Frameworks/CoreLocation.framework/Versions/A/CoreLocation
0x000000000214b000 	/System/Library/Frameworks/Accounts.framework/Versions/A/Accounts
0x000000000214b000 	/System/Library/PrivateFrameworks/ApplePushService.framework/Versions/A/ApplePushService
0x000000000214b000 	/System/Library/PrivateFrameworks/GeoServices.framework/Versions/A/GeoServices
0x000000000214b000 	/System/Library/PrivateFrameworks/OAuth.framework/Versions/A/OAuth
0x000000000214b000 	/System/Library/PrivateFrameworks/CoreDaemon.framework/Versions/B/CoreDaemon
0x000000000214b000 	/usr/lib/libcrypto.0.9.8.dylib
0x000000000214b000 	/System/Library/PrivateFrameworks/AppleSRP.framework/Versions/A/AppleSRP
0x000000000214b000 	/System/Library/PrivateFrameworks/TrustEvaluationAgent.framework/Versions/A/TrustEvaluationAgent
0x000000000214b000 	/System/Library/Frameworks/CoreGraphics.framework/Versions/A/Resources/libCGCMS.A.dylib
0x000000000214b000 	/System/Library/Frameworks/CoreGraphics.framework/Versions/A/Resources/libRIP.A.dylib
0x000000000214b000 	/System/Library/Frameworks/CoreGraphics.framework/Versions/A/Resources/libCGXType.A.dylib
0x000000000214b000 	/System/Library/Frameworks/OpenCL.framework/Versions/A/Libraries/libcldcpuengine.dylib
0x000000000214b000 	/System/Library/PrivateFrameworks/DiskImages.framework/Versions/A/DiskImages
0x000000000214b000 	/System/Library/Frameworks/DiscRecording.framework/Versions/A/DiscRecording
0x000000000214b000 	/usr/lib/libcsfde.dylib
0x000000000214b000 	/usr/lib/libcurl.4.dylib
0x000000000214b000 	/System/Library/PrivateFrameworks/MediaKit.framework/Versions/A/MediaKit
0x000000000214b000 	/System/Library/PrivateFrameworks/ProtectedCloudStorage.framework/Versions/A/ProtectedCloudStorage
0x000000000214b000 	/usr/lib/libCoreStorage.dylib
0x000000000214b000 	/System/Library/PrivateFrameworks/EFILogin.framework/Versions/A/EFILogin
0x000000000214b000 	/usr/lib/libutil.dylib
0x000000000214b000 	/System/Library/PrivateFrameworks/FindMyDevice.framework/Versions/A/FindMyDevice
0x000000000214b000 	/System/Library/Frameworks/LDAP.framework/Versions/A/LDAP
0x000000000214b000 	/usr/lib/libsasl2.2.dylib
0x0000000121ca3000 	cl_kernels
0x0000000125532000 	/System/Library/Frameworks/OpenCL.framework/Versions/A/Libraries/ImageFormats/unorm8_bgra.dylib
0x0000000121d54000 	cl_kernels
0x000000000214b000 	/System/Library/PrivateFrameworks/FamilyControls.framework/Versions/A/FamilyControls
0x000000000214b000 	/System/Library/PrivateFrameworks/CommerceKit.framework/Versions/A/Frameworks/CommerceCore.framework/Versions/A/CommerceCore
0x000000000214b000 	/System/Library/PrivateFrameworks/SystemAdministration.framework/Versions/A/SystemAdministration
0x000000000214b000 	/System/Library/PrivateFrameworks/AppContainer.framework/Versions/A/AppContainer
0x000000000214b000 	/System/Library/PrivateFrameworks/SecCodeWrapper.framework/Versions/A/SecCodeWrapper
0x000000000214b000 	/System/Library/Frameworks/DirectoryService.framework/Versions/A/DirectoryService
0x000000000214b000 	/System/Library/PrivateFrameworks/LoginUIKit.framework/Versions/A/Frameworks/LoginUICore.framework/Versions/A/LoginUICore
0x000000000214b000 	/usr/lib/libodfde.dylib
0x00000001269bc000 	/Library/Java/JavaVirtualMachines/jdk1.8.0_05.jdk/Contents/Home/jre/lib/libfontmanager.dylib
0x0000000126a22000 	/Users/piercecorcoran/.gradle/caches/minecraft/net/minecraft/minecraft_natives/1.7.10/liblwjgl.jnilib
0x0000000121a15000 	/Library/Java/JavaVirtualMachines/jdk1.8.0_05.jdk/Contents/Home/jre/lib/libjawt.dylib
0x000000000214b000 	/System/Library/Frameworks/OpenGL.framework/Versions/A/Resources/GLEngine.bundle/GLEngine
0x000000000214b000 	/System/Library/Frameworks/OpenGL.framework/Versions/A/Libraries/libGLProgrammability.dylib
0x0000000000000000 	/System/Library/Extensions/GeForceTeslaGLDriver.bundle/Contents/MacOS/GeForceTeslaGLDriver
0x0000000127e7c000 	/System/Library/Extensions/GeForceTeslaGLDriver.bundle/Contents/MacOS/libclh.dylib
0x0000000121939000 	/System/Library/PrivateFrameworks/GPUSupport.framework/Versions/A/Libraries/libGPUSupport.dylib
0x000000000214b000 	/System/Library/Frameworks/OpenGL.framework/Versions/A/Resources/GLRendererFloat.bundle/GLRendererFloat

VM Arguments:
jvm_args: -agentlib:jdwp=transport=dt_socket,suspend=y,address=localhost:63783 -Xincgc -Xmx1024M -Xms1024M -Dfile.encoding=UTF-8 
java_command: GradleStart
java_class_path (initial): /Users/piercecorcoran/Desktop/Programming/1.Minecraft/1.Minecraft_Forge/mods/1.7.10/guides/bin:/Users/piercecorcoran/.gradle/caches/minecraft/net/minecraftforge/forge/1.7.10-10.13.0.1205/forgeSrc-1.7.10-10.13.0.1205.jar:/Users/piercecorcoran/.gradle/caches/modules-2/files-2.1/net.minecraft/launchwrapper/1.9/116f2aad5b0c68353ebed66cd463517db6522f7e/launchwrapper-1.9.jar:/Users/piercecorcoran/.gradle/caches/modules-2/files-2.1/org.ow2.asm/asm-debug-all/4.1/dd6ba5c392d4102458494e29f54f70ac534ec2a2/asm-debug-all-4.1.jar:/Users/piercecorcoran/.gradle/caches/modules-2/files-2.1/com.typesafe.akka/akka-actor_2.11/2.3.3/ed62e9fc709ca0f2ff1a3220daa8b70a2870078e/akka-actor_2.11-2.3.3.jar:/Users/piercecorcoran/.gradle/caches/modules-2/files-2.1/com.typesafe/config/1.2.1/f771f71fdae3df231bcd54d5ca2d57f0bf93f467/config-1.2.1.jar:/Users/piercecorcoran/.gradle/caches/modules-2/files-2.1/org.scala-lang/scala-actors-migration_2.11/1.1.0/dfa8bc42b181d5b9f1a5dd147f8ae308b893eb6f/scala-actors-migration_2.11-1.1.0.jar:/Users/piercecorcoran/.gradle/caches/modules-2/files-2.1/org.scala-lang/scala-compiler/2.11.1/56ea2e6c025e0821f28d73ca271218b8dd04926a/scala-compiler-2.11.1.jar:/Users/piercecorcoran/.gradle/caches/modules-2/files-2.1/org.scala-lang.plugins/scala-continuations-library_2.11/1.0.2/e517c53a7e9acd6b1668c5a35eccbaa3bab9aac/scala-continuations-library_2.11-1.0.2.jar:/Users/piercecorcoran/.gradle/caches/modules-2/files-2.1/org.scala-lang.plugins/scala-continuations-plugin_2.11.1/1.0.2/f361a3283452c57fa30c1ee69448995de23c60f7/scala-continuations-plugin_2.11.1-1.0.2.jar:/Users/piercecorcoran/.gradle/caches/modules-2/files-2.1/org.scala-lang/scala-library/2.11.1/e11da23da3eabab9f4777b9220e60d44c1aab6a/scala-library-2.11.1.jar:/Users/piercecorcoran/.gradle/caches/modules-2/files-2.1/org.scala-lang/scala-parser-combinators_2.11/1.0.1/f05d7345bf5a58924f2837c6c1f4d73a938e1ff0/scala-parser-combinators_2.11-1.0.1.jar:/Users/piercecorcoran/.gradle/caches/modules
Launcher Type: SUN_STANDARD

Environment Variables:
PATH=/usr/bin:/bin:/usr/sbin:/sbin
SHELL=/bin/zsh
DISPLAY=/private/tmp/com.apple.launchd.O97aHbSJkG/org.macosforge.xquartz:0

Signal Handlers:
SIGSEGV: [libjvm.dylib+0x55f7df], sa_mask[0]=0xfffefeff, sa_flags=0x00000043
SIGBUS: [libjvm.dylib+0x55f7df], sa_mask[0]=0xfffefeff, sa_flags=0x00000042
SIGFPE: [libjvm.dylib+0x442cfa], sa_mask[0]=0xfffefeff, sa_flags=0x00000042
SIGPIPE: [libjvm.dylib+0x442cfa], sa_mask[0]=0xfffefeff, sa_flags=0x00000042
SIGXFSZ: [libjvm.dylib+0x442cfa], sa_mask[0]=0xfffefeff, sa_flags=0x00000042
SIGILL: [libjvm.dylib+0x442cfa], sa_mask[0]=0xfffefeff, sa_flags=0x00000042
SIGUSR1: SIG_DFL, sa_mask[0]=0x00000000, sa_flags=0x00000000
SIGUSR2: [libjvm.dylib+0x442818], sa_mask[0]=0x00000004, sa_flags=0x00000042
SIGHUP: [libjvm.dylib+0x440ba5], sa_mask[0]=0xfffefeff, sa_flags=0x00000042
SIGINT: [libjvm.dylib+0x440ba5], sa_mask[0]=0xfffefeff, sa_flags=0x00000042
SIGTERM: [libjvm.dylib+0x440ba5], sa_mask[0]=0xfffefeff, sa_flags=0x00000042
SIGQUIT: [libjvm.dylib+0x440ba5], sa_mask[0]=0xfffefeff, sa_flags=0x00000042


---------------  S Y S T E M  ---------------

OS:Bsduname:Darwin 14.1.0 Darwin Kernel Version 14.1.0: Thu Feb 26 19:26:47 PST 2015; root:xnu-2782.10.73~1/RELEASE_X86_64 x86_64
rlimit: STACK 8192k, CORE 0k, NPROC 709, NOFILE 10240, AS infinity
load average:3.13 2.84 3.23

CPU:total 2 (2 cores per cpu, 1 threads per core) family 6 model 23 stepping 6, cmov, cx8, fxsr, mmx, sse, sse2, sse3, ssse3, sse4.1, tsc

Memory: 4k page, physical 8388608k(421072k free)

/proc/meminfo:


vm_info: Java HotSpot(TM) 64-Bit Server VM (25.5-b02) for bsd-amd64 JRE (1.8.0_05-b13), built on Mar 18 2014 00:36:13 by "java_re" with gcc 4.2.1 (Based on Apple Inc. build 5658) (LLVM build 2336.11.00)

time: Mon May  4 21:54:46 2015
elapsed time: 10 seconds

