#
# A fatal error has been detected by the Java Runtime Environment:
#
#  SIGSEGV (0xb) at pc=0x0000000000000000, pid=22350, tid=55071
#
# JRE version: Java(TM) SE Runtime Environment (8.0_05-b13) (build 1.8.0_05-b13)
# Java VM: Java HotSpot(TM) 64-Bit Server VM (25.5-b02 mixed mode bsd-amd64 compressed oops)
# Problematic frame:
# C  0x0000000000000000
#
# Failed to write core dump. Core dumps have been disabled. To enable core dumping, try "ulimit -c unlimited" before starting Java again
#
# If you would like to submit a bug report, please visit:
#   http://bugreport.sun.com/bugreport/crash.jsp
#

---------------  T H R E A D  ---------------

Current thread is native thread

siginfo:si_signo=SIGSEGV: si_errno=0, si_code=1 (SEGV_MAPERR), si_addr=0x0000000000000000

Registers:
RAX=0x0000000128146508, RBX=0x00000000000161b0, RCX=0x0000000000000010, RDX=0xfffffffffffffff0
RSP=0x000000012778b9f8, RBP=0x000000012778baa0, RSI=0x0000000000000000, RDI=0x00007fd95150d200
R8 =0x0000000000000200, R9 =0x00007fd94ddb2da0, R10=0x000000012c9a7d68, R11=0x00007fd94ddb2da0
R12=0x0000000000000200, R13=0x00007fd95150d200, R14=0x00007fd94ddaddf0, R15=0x0000000000000800
RIP=0x0000000000000000, EFLAGS=0x0000000000010246, ERR=0x0000000000000014
  TRAPNO=0x000000000000000e

Top of Stack: (sp=0x000000012778b9f8)
0x000000012778b9f8:   0000000128118639 0000000000000000
0x000000012778ba08:   0000000000000000 00007fd9515153b0
0x000000012778ba18:   0000000120a59010 00007fd9515133b0
0x000000012778ba28:   0000020000000000 0000000000000000
0x000000012778ba38:   0000000000000800 0000000000000200
0x000000012778ba48:   00007fd9515113b0 00007fd95150d200
0x000000012778ba58:   0000020000000000 00007fd94ddaddf8
0x000000012778ba68:   000000000000037f 6f007c746a9e88d6
0x000000012778ba78:   00007fd94de649c8 0000000000000200
0x000000012778ba88:   00007fd94de64950 00007fd94ddaddf0
0x000000012778ba98:   00007fd94ddb2da0 000000012778bab0
0x000000012778baa8:   00000001281282ef 000000012778bb20
0x000000012778bab8:   000000012c9a4d45 00000000ffffffff
0x000000012778bac8:   00007fd94fcc5bf8 00007fd94de649c8
0x000000012778bad8:   00007fd94fcc5a00 000000012778bc80
0x000000012778bae8:   000000012778bc78 0000020000000000
0x000000012778baf8:   000000012778bc78 00007fd94fcc5a00
0x000000012778bb08:   00007fd94de64be0 00007fd94de4b7e0
0x000000012778bb18:   0000000000000200 000000012778bb70
0x000000012778bb28:   000000012c9a276e 000000012778bba4
0x000000012778bb38:   000000012778bc80 000000004fcc5c34
0x000000012778bb48:   000000012778bc78 00007fd94fcc5a00
0x000000012778bb58:   00007fd94de4b7e0 0000000000000200
0x000000012778bb68:   00007fd94de4b7e0 000000012778bbe0
0x000000012778bb78:   000000012c9a0e5d 00007fd94de4b7e0
0x000000012778bb88:   00007fd94de64be0 000000012778bc78
0x000000012778bb98:   00001fa04fcc5a00 000000012778bc80
0x000000012778bba8:   0000000000000000 00009fe000000000
0x000000012778bbb8:   00007fd94de4b7e0 00007fd94de63520
0x000000012778bbc8:   00007fd94fcc5a00 00007fd94fcc5ce8
0x000000012778bbd8:   00007fd94de4b7e0 000000012778bcf0
0x000000012778bbe8:   000000012c9a8591 ffffffffffffffff 

Instructions: (pc=0x0000000000000000)
0xffffffffffffffe0:   

Register to memory mapping:

RAX=